<?xml version="1.0" encoding="UTF-8"?>
<!-- Generated by org.testng.reporters.JUnitReportReporter -->
<testsuite skipped="0" hostname="IBM-Testing01" name="Del" tests="1" failures="0" timestamp="12 Feb 2020 11:08:40 GMT" time="15.874" errors="0">
  <testcase name="login" time="15.874" classname="Del"/>
</testsuite> <!-- Del -->
